npm warn exec The following package was not found and will be installed: vercel@53.4.0
npm warn deprecated tar@7.5.7: Old versions of tar are not supported, and contain widely publicized security vulnerabilities, which have been fixed in the current version. Please update. Support for old versions may be purchased (at exorbitant rates) by contacting i@izs.me
Retrieving project…
Deploying anichha777s-projects/gory-i-gorod-2026
Uploading [--------------------] (0.0B/192.8KB)
Uploading [=====---------------] (50.2KB/192.8KB)
Uploading [==========----------] (99.0KB/192.8KB)
Uploading [===============-----] (147.0KB/192.8KB)
Uploading [====================] (192.8KB/192.8KB)
Inspect: https://vercel.com/anichha777s-projects/gory-i-gorod-2026/ErTkmjcM42Cj3AEgCyWWtPpJdq56 [5s]
Production: https://gory-i-gorod-2026-ntt2qy0tk-anichha777s-projects.vercel.app [5s]
Building...
Building: Running build in Washington, D.C., USA (East) – iad1
Building: Build machine configuration: 2 cores, 8 GB
Building: Retrieving list of deployment files...
Building: Previous build caches not available.
Building: Downloading 70 deployment files...
Building: Running "vercel build"
Building: Running "vercel build"
Building: Vercel CLI 53.3.2
Building: Installing dependencies...
Building: added 452 packages in 21s
Building: 150 packages are looking for funding
Building: run `npm fund` for details
Building: Detected Next.js version: 16.2.4
Building: Running "npm run build"
Building: > gory-i-gorod@0.1.0 build
Building: > next build
Building: Applying modifyConfig from Vercel
Building: Attention: Next.js now collects completely anonymous telemetry regarding usage.
Building: This information is used to shape Next.js' roadmap and prioritize features.
Building: You can learn more, including how to opt-out if you'd not like to participate in this anonymous program, by visiting the following URL:
Building: https://nextjs.org/telemetry
Building: ⚠ Found lockfile missing swc dependencies, run next locally to automatically patch
Building: ▲ Next.js 16.2.4 (Turbopack)
Building: Creating an optimized production build ...
Building: ⚠ Found lockfile missing swc dependencies, run next locally to automatically patch
Building: ✓ Compiled successfully in 6.9s
Building: Running TypeScript ...
Building: Finished TypeScript in 4.7s ...
Building: Collecting page data using 1 worker ...
Building: Generating static pages using 1 worker (0/13) ...
Building: ⚠ Found lockfile missing swc dependencies, run next locally to automatically patch
Building: Generating static pages using 1 worker (3/13)
Building: Generating static pages using 1 worker (6/13)
Building: Generating static pages using 1 worker (9/13)
Building: ✓ Generating static pages using 1 worker (13/13) in 2.1s
Building: Finalizing page optimization ...
Building: Running onBuildComplete from Vercel
Building: Route (app)
Building: ┌ ○ /
Building: ├ ○ /_not-found
Building: ├ ƒ /api/digest
Building: ├ ƒ /api/pulse
Building: ├ ○ /dashboard
Building: ├ ○ /map
Building: ├ ○ /network
Building: ├ ○ /program
Building: ├ ○ /pulse
Building: ├ ○ /pulse/vote
Building: └ ○ /speakers
Building: ○  (Static)   prerendered as static content
Building: ƒ  (Dynamic)  server-rendered on demand
Building: Build Completed in /vercel/output [38s]
Building: Deploying outputs...
Building: Deployment completed
Building: Creating build cache...
[2K[1A[2K[GProduction: https://gory-i-gorod-2026-ntt2qy0tk-anichha777s-projects.vercel.app [55s]
Completing...
Aliased: https://gory-i-gorod-2026.vercel.app [55s]
{
  "status": "ok",
  "deployment": {
    "id": "dpl_ErTkmjcM42Cj3AEgCyWWtPpJdq56",
    "url": "https://gory-i-gorod-2026-ntt2qy0tk-anichha777s-projects.vercel.app",
    "inspectorUrl": "https://vercel.com/anichha777s-projects/gory-i-gorod-2026/ErTkmjcM42Cj3AEgCyWWtPpJdq56",
    "readyState": "READY",
    "target": "production",
    "deploymentApiUrl": "https://api.vercel.com/v13/deployments/dpl_ErTkmjcM42Cj3AEgCyWWtPpJdq56"
  },
  "message": "Deployment gory-i-gorod-2026-ntt2qy0tk-anichha777s-projects.vercel.app ready.",
  "next": [
    {
      "command": "vercel inspect gory-i-gorod-2026-ntt2qy0tk-anichha777s-projects.vercel.app",
      "when": "Inspect deployment"
    },
    {
      "command": "vercel deploy --prod",
      "when": "Promote to production"
    }
  ]
}
